{"event_id":0,"func":"MPI_Allreduce","timestamp_ns":12696188023953,"count":19744594,"datatype":"MPI_FLOAT","bytes":78978376,"src":0,"dest":-1,"direction":"send","tag":0,"op":"MPI_SUM","comm_size":4,"rank":0,"data":"00 00 00 00 00 00 00 00 00 00 00 00 "}
{"event_id":0,"func":"MPI_Allreduce","timestamp_ns":12699036496332,"count":19744594,"datatype":"MPI_FLOAT","bytes":78978376,"src":2,"dest":-1,"direction":"send","tag":0,"op":"MPI_SUM","comm_size":4,"rank":2,"data":"00 00 00 00 00 00 00 00 00 00 00 00 "}
{"event_id":0,"func":"MPI_Allreduce","timestamp_ns":12703171759905,"count":19744594,"datatype":"MPI_FLOAT","bytes":78978376,"src":3,"dest":-1,"direction":"send","tag":0,"op":"MPI_SUM","comm_size":4,"rank":3,"data":"00 00 00 00 00 00 00 00 00 00 00 00 "}
{"event_id":0,"func":"MPI_Allreduce","timestamp_ns":12703452241880,"count":19744594,"datatype":"MPI_FLOAT","bytes":78978376,"src":1,"dest":-1,"direction":"send","tag":0,"op":"MPI_SUM","comm_size":4,"rank":1,"data":"00 00 00 00 00 00 00 00 00 00 00 00 "}
{"event_id":0,"func":"MPI_Allreduce","timestamp_ns":12703478089667,"count":19744594,"datatype":"MPI_FLOAT","bytes":78978376,"src":-1,"dest":3,"direction":"recv","tag":0,"op":"MPI_SUM","comm_size":4,"rank":3,"data":"00 00 00 00 00 00 00 00 00 00 00 00 "}
{"event_id":0,"func":"MPI_Allreduce","timestamp_ns":12703478887689,"count":19744594,"datatype":"MPI_FLOAT","bytes":78978376,"src":-1,"dest":2,"direction":"recv","tag":0,"op":"MPI_SUM","comm_size":4,"rank":2,"data":"00 00 00 00 00 00 00 00 00 00 00 00 "}
{"event_id":0,"func":"MPI_Allreduce","timestamp_ns":12703479868939,"count":19744594,"datatype":"MPI_FLOAT","bytes":78978376,"src":-1,"dest":1,"direction":"recv","tag":0,"op":"MPI_SUM","comm_size":4,"rank":1,"data":"00 00 00 00 00 00 00 00 00 00 00 00 "}
{"event_id":0,"func":"MPI_Allreduce","timestamp_ns":12703482705811,"count":19744594,"datatype":"MPI_FLOAT","bytes":78978376,"src":-1,"dest":0,"direction":"recv","tag":0,"op":"MPI_SUM","comm_size":4,"rank":0,"data":"00 00 00 00 00 00 00 00 00 00 00 00 "}
{"event_id":1,"func":"MPI_Allreduce","timestamp_ns":12746549874562,"count":12916306,"datatype":"MPI_FLOAT","bytes":51665224,"src":2,"dest":-1,"direction":"send","tag":0,"op":"MPI_SUM","comm_size":4,"rank":2,"data":"de 64 b3 36 da 7e 9b 36 e0 7d c4 36 "}
{"event_id":1,"func":"MPI_Allreduce","timestamp_ns":12751677905687,"count":12916306,"datatype":"MPI_FLOAT","bytes":51665224,"src":3,"dest":-1,"direction":"send","tag":0,"op":"MPI_SUM","comm_size":4,"rank":3,"data":"3b 7a af 36 bd c1 9f 36 d8 cd bd 36 "}
{"event_id":1,"func":"MPI_Allreduce","timestamp_ns":12751867189929,"count":12916306,"datatype":"MPI_FLOAT","bytes":51665224,"src":0,"dest":-1,"direction":"send","tag":0,"op":"MPI_SUM","comm_size":4,"rank":0,"data":"01 fb b0 36 c6 2a 9e 36 4f 96 c0 36 "}
{"event_id":1,"func":"MPI_Allreduce","timestamp_ns":12752115089965,"count":12916306,"datatype":"MPI_FLOAT","bytes":51665224,"src":1,"dest":-1,"direction":"send","tag":0,"op":"MPI_SUM","comm_size":4,"rank":1,"data":"ef 8c b3 36 bf 15 9b 36 52 1c c5 36 "}
{"event_id":1,"func":"MPI_Allreduce","timestamp_ns":12752149054574,"count":12916306,"datatype":"MPI_FLOAT","bytes":51665224,"src":-1,"dest":3,"direction":"recv","tag":0,"op":"MPI_SUM","comm_size":4,"rank":3,"data":"c2 d9 b1 37 47 20 9d 37 96 ff c1 37 "}
{"event_id":1,"func":"MPI_Allreduce","timestamp_ns":12752149264182,"count":12916306,"datatype":"MPI_FLOAT","bytes":51665224,"src":-1,"dest":2,"direction":"recv","tag":0,"op":"MPI_SUM","comm_size":4,"rank":2,"data":"c2 d9 b1 37 47 20 9d 37 96 ff c1 37 "}
{"event_id":1,"func":"MPI_Allreduce","timestamp_ns":12752150809747,"count":12916306,"datatype":"MPI_FLOAT","bytes":51665224,"src":-1,"dest":1,"direction":"recv","tag":0,"op":"MPI_SUM","comm_size":4,"rank":1,"data":"c2 d9 b1 37 47 20 9d 37 96 ff c1 37 "}
{"event_id":1,"func":"MPI_Allreduce","timestamp_ns":12752150813257,"count":12916306,"datatype":"MPI_FLOAT","bytes":51665224,"src":-1,"dest":0,"direction":"recv","tag":0,"op":"MPI_SUM","comm_size":4,"rank":0,"data":"c2 d9 b1 37 47 20 9d 37 96 ff c1 37 "}
{"event_id":2,"func":"MPI_Allreduce","timestamp_ns":12752152830227,"count":6828288,"datatype":"MPI_FLOAT","bytes":27313152,"src":2,"dest":-1,"direction":"send","tag":0,"op":"MPI_SUM","comm_size":4,"rank":2,"data":"e9 eb 86 ba 32 26 8b ba 62 b1 5a 3b "}
{"event_id":2,"func":"MPI_Allreduce","timestamp_ns":12762014739323,"count":6828288,"datatype":"MPI_FLOAT","bytes":27313152,"src":3,"dest":-1,"direction":"send","tag":0,"op":"MPI_SUM","comm_size":4,"rank":3,"data":"d0 cb 43 ba 51 c2 50 ba cc 53 23 3b "}
{"event_id":2,"func":"MPI_Allreduce","timestamp_ns":12762446685355,"count":6828288,"datatype":"MPI_FLOAT","bytes":27313152,"src":0,"dest":-1,"direction":"send","tag":0,"op":"MPI_SUM","comm_size":4,"rank":0,"data":"0a 4e 5f ba 54 a5 6d ba 78 aa 3a 3b "}
{"event_id":2,"func":"MPI_Allreduce","timestamp_ns":12762823385378,"count":6828288,"datatype":"MPI_FLOAT","bytes":27313152,"src":1,"dest":-1,"direction":"send","tag":0,"op":"MPI_SUM","comm_size":4,"rank":1,"data":"36 12 89 ba 0c 7c 8f ba cc 22 61 3b "}
{"event_id":2,"func":"MPI_Allreduce","timestamp_ns":12762836959532,"count":6828288,"datatype":"MPI_FLOAT","bytes":27313152,"src":-1,"dest":2,"direction":"recv","tag":0,"op":"MPI_SUM","comm_size":4,"rank":2,"data":"86 c5 70 bb 08 eb 7c bb 9c 74 46 3c "}
{"event_id":2,"func":"MPI_Allreduce","timestamp_ns":12762836960682,"count":6828288,"datatype":"MPI_FLOAT","bytes":27313152,"src":-1,"dest":3,"direction":"recv","tag":0,"op":"MPI_SUM","comm_size":4,"rank":3,"data":"86 c5 70 bb 08 eb 7c bb 9c 74 46 3c "}
{"event_id":2,"func":"MPI_Allreduce","timestamp_ns":12762837098641,"count":6828288,"datatype":"MPI_FLOAT","bytes":27313152,"src":-1,"dest":1,"direction":"recv","tag":0,"op":"MPI_SUM","comm_size":4,"rank":1,"data":"86 c5 70 bb 08 eb 7c bb 9c 74 46 3c "}
{"event_id":2,"func":"MPI_Allreduce","timestamp_ns":12762837102201,"count":6828288,"datatype":"MPI_FLOAT","bytes":27313152,"src":-1,"dest":0,"direction":"recv","tag":0,"op":"MPI_SUM","comm_size":4,"rank":0,"data":"86 c5 70 bb 08 eb 7c bb 9c 74 46 3c "}
